mkdir: cannot create directory ‘/users/k/a/kaeller/projects/eco_genomics_2025/population_genomics/myresults/ANGSD/PCA_ADMIX’: File exists
------------------------------------
PCAngsd v1.36.1
Jonas Meisner and Anders Albrechtsen
Using 10 thread(s)
------------------------------------

Parsing Beagle file.
Loaded 971934 sites and 113 samples.
Estimating minor allele frequencies.
EM (MAF) converged at iteration: 7
Number of sites after MAF filtering (0.05): 697053

Estimating covariance matrix.
Using 1 principal components (manually selected).
Individual allele frequencies estimated (1).
Individual allele frequencies estimated (2).	RMSE=0.0028651
Individual allele frequencies estimated (3).	RMSE=0.0015037
Individual allele frequencies estimated (4).	RMSE=0.0009133
Individual allele frequencies estimated (5).	RMSE=0.0005975
Individual allele frequencies estimated (6).	RMSE=0.0004094
Individual allele frequencies estimated (7).	RMSE=0.0002912
Individual allele frequencies estimated (8).	RMSE=0.0002157
Individual allele frequencies estimated (9).	RMSE=0.0001676
Individual allele frequencies estimated (10).	RMSE=0.0001371
Individual allele frequencies estimated (11).	RMSE=0.0001185
Individual allele frequencies estimated (12).	RMSE=0.0001070
Individual allele frequencies estimated (13).	RMSE=0.0000998
Individual allele frequencies estimated (14).	RMSE=0.0000949
Individual allele frequencies estimated (15).	RMSE=0.0000914
Individual allele frequencies estimated (16).	RMSE=0.0000886
Individual allele frequencies estimated (17).	RMSE=0.0000862
Individual allele frequencies estimated (18).	RMSE=0.0000841
Individual allele frequencies estimated (19).	RMSE=0.0000821
Individual allele frequencies estimated (20).	RMSE=0.0000802
Individual allele frequencies estimated (21).	RMSE=0.0000784
Individual allele frequencies estimated (22).	RMSE=0.0000766
Individual allele frequencies estimated (23).	RMSE=0.0000749
Individual allele frequencies estimated (24).	RMSE=0.0000732
Individual allele frequencies estimated (25).	RMSE=0.0000716
Individual allele frequencies estimated (26).	RMSE=0.0000699
Individual allele frequencies estimated (27).	RMSE=0.0000683
Individual allele frequencies estimated (28).	RMSE=0.0000667
Individual allele frequencies estimated (29).	RMSE=0.0000652
Individual allele frequencies estimated (30).	RMSE=0.0000637
Individual allele frequencies estimated (31).	RMSE=0.0000621
Individual allele frequencies estimated (32).	RMSE=0.0000606
Individual allele frequencies estimated (33).	RMSE=0.0000592
Individual allele frequencies estimated (34).	RMSE=0.0000577
Individual allele frequencies estimated (35).	RMSE=0.0000563
Individual allele frequencies estimated (36).	RMSE=0.0000548
Individual allele frequencies estimated (37).	RMSE=0.0000534
Individual allele frequencies estimated (38).	RMSE=0.0000520
Individual allele frequencies estimated (39).	RMSE=0.0000506
Individual allele frequencies estimated (40).	RMSE=0.0000492
Individual allele frequencies estimated (41).	RMSE=0.0000478
Individual allele frequencies estimated (42).	RMSE=0.0000464
Individual allele frequencies estimated (43).	RMSE=0.0000451
Individual allele frequencies estimated (44).	RMSE=0.0000438
Individual allele frequencies estimated (45).	RMSE=0.0000424
Individual allele frequencies estimated (46).	RMSE=0.0000411
Individual allele frequencies estimated (47).	RMSE=0.0000398
Individual allele frequencies estimated (48).	RMSE=0.0000385
Individual allele frequencies estimated (49).	RMSE=0.0000372
Individual allele frequencies estimated (50).	RMSE=0.0000359
Individual allele frequencies estimated (51).	RMSE=0.0000346
Individual allele frequencies estimated (52).	RMSE=0.0000334
Individual allele frequencies estimated (53).	RMSE=0.0000322
Individual allele frequencies estimated (54).	RMSE=0.0000310
Individual allele frequencies estimated (55).	RMSE=0.0000298
Individual allele frequencies estimated (56).	RMSE=0.0000286
Individual allele frequencies estimated (57).	RMSE=0.0000275
Individual allele frequencies estimated (58).	RMSE=0.0000264
Individual allele frequencies estimated (59).	RMSE=0.0000253
Individual allele frequencies estimated (60).	RMSE=0.0000242
Individual allele frequencies estimated (61).	RMSE=0.0000232
Individual allele frequencies estimated (62).	RMSE=0.0000222
Individual allele frequencies estimated (63).	RMSE=0.0000212
Individual allele frequencies estimated (64).	RMSE=0.0000202
Individual allele frequencies estimated (65).	RMSE=0.0000193
Individual allele frequencies estimated (66).	RMSE=0.0000183
Individual allele frequencies estimated (67).	RMSE=0.0000175
Individual allele frequencies estimated (68).	RMSE=0.0000167
Individual allele frequencies estimated (69).	RMSE=0.0000159
Individual allele frequencies estimated (70).	RMSE=0.0000151
Individual allele frequencies estimated (71).	RMSE=0.0000143
Individual allele frequencies estimated (72).	RMSE=0.0000136
Individual allele frequencies estimated (73).	RMSE=0.0000129
Individual allele frequencies estimated (74).	RMSE=0.0000122
Individual allele frequencies estimated (75).	RMSE=0.0000116
Individual allele frequencies estimated (76).	RMSE=0.0000109
Individual allele frequencies estimated (77).	RMSE=0.0000104
Individual allele frequencies estimated (78).	RMSE=0.0000098
PCAngsd converged.
Saved covariance matrix as /users/k/a/kaeller/projects/eco_genomics_2025/population_genomics/myresults/ANGSD/PCA_ADMIX/RSBS_poly_K2.cov

Estimating admixture proportions using NMF (CSG-MU).
K=2, Alpha=0.0, Batches=10, Seed=0
CSG-MU (1).	RMSE=0.248215288
CSG-MU (2).	RMSE=0.418582703
CSG-MU (3).	RMSE=0.013062845
CSG-MU (4).	RMSE=0.004523952
CSG-MU (5).	RMSE=0.002226067
CSG-MU (6).	RMSE=0.000992799
CSG-MU (7).	RMSE=0.000479828
CSG-MU (8).	RMSE=0.000292008
CSG-MU (9).	RMSE=0.000209627
CSG-MU (10).	RMSE=0.000121199
CSG-MU (11).	RMSE=0.000076808
CSG-MU (12).	RMSE=0.000057744
CSG-MU (13).	RMSE=0.000046608
CSG-MU (14).	RMSE=0.000034515
CSG-MU (15).	RMSE=0.000023454
CSG-MU (16).	RMSE=0.000015750
CSG-MU (17).	RMSE=0.000010956
CSG-MU (18).	RMSE=0.000007632
Converged.
Frobenius error: 41.69034
Log-likelihood: -60158714.48531
Saved admixture proportions as /users/k/a/kaeller/projects/eco_genomics_2025/population_genomics/myresults/ANGSD/PCA_ADMIX/RSBS_poly_K2.admix.2.Q
Saved ancestral allele frequencies proportions as /users/k/a/kaeller/projects/eco_genomics_2025/population_genomics/myresults/ANGSD/PCA_ADMIX/RSBS_poly_K2.admix.2.P

Total elapsed time: 2m8s
------------------------------------
PCAngsd v1.36.1
Jonas Meisner and Anders Albrechtsen
Using 10 thread(s)
------------------------------------

Parsing Beagle file.
Loaded 971934 sites and 113 samples.
Estimating minor allele frequencies.
EM (MAF) converged at iteration: 7
Number of sites after MAF filtering (0.05): 697053

Estimating covariance matrix.
Using 2 principal components (manually selected).
Individual allele frequencies estimated (1).
Individual allele frequencies estimated (2).	RMSE=0.0028543
Individual allele frequencies estimated (3).	RMSE=0.0017148
Individual allele frequencies estimated (4).	RMSE=0.0011760
Individual allele frequencies estimated (5).	RMSE=0.0008574
Individual allele frequencies estimated (6).	RMSE=0.0006485
Individual allele frequencies estimated (7).	RMSE=0.1330374
Individual allele frequencies estimated (8).	RMSE=0.0003949
Individual allele frequencies estimated (9).	RMSE=0.0003155
Individual allele frequencies estimated (10).	RMSE=0.0002552
Individual allele frequencies estimated (11).	RMSE=0.0002096
Individual allele frequencies estimated (12).	RMSE=0.0001751
Individual allele frequencies estimated (13).	RMSE=0.0001485
Individual allele frequencies estimated (14).	RMSE=0.0001277
Individual allele frequencies estimated (15).	RMSE=0.0001115
Individual allele frequencies estimated (16).	RMSE=0.0000991
Individual allele frequencies estimated (17).	RMSE=0.0000890
Individual allele frequencies estimated (18).	RMSE=0.0000813
Individual allele frequencies estimated (19).	RMSE=0.0000752
Individual allele frequencies estimated (20).	RMSE=0.0000703
Individual allele frequencies estimated (21).	RMSE=0.0000663
Individual allele frequencies estimated (22).	RMSE=0.0000630
Individual allele frequencies estimated (23).	RMSE=0.0000603
Individual allele frequencies estimated (24).	RMSE=0.0000580
Individual allele frequencies estimated (25).	RMSE=0.0000560
Individual allele frequencies estimated (26).	RMSE=0.0000542
Individual allele frequencies estimated (27).	RMSE=0.0000526
Individual allele frequencies estimated (28).	RMSE=0.0000511
Individual allele frequencies estimated (29).	RMSE=0.0000497
Individual allele frequencies estimated (30).	RMSE=0.0000484
Individual allele frequencies estimated (31).	RMSE=0.0000472
Individual allele frequencies estimated (32).	RMSE=0.0000460
Individual allele frequencies estimated (33).	RMSE=0.0000448
Individual allele frequencies estimated (34).	RMSE=0.0000437
Individual allele frequencies estimated (35).	RMSE=0.0000425
Individual allele frequencies estimated (36).	RMSE=0.0000414
Individual allele frequencies estimated (37).	RMSE=0.0000403
Individual allele frequencies estimated (38).	RMSE=0.0000392
Individual allele frequencies estimated (39).	RMSE=0.0000381
Individual allele frequencies estimated (40).	RMSE=0.0000370
Individual allele frequencies estimated (41).	RMSE=0.0000359
Individual allele frequencies estimated (42).	RMSE=0.0000349
Individual allele frequencies estimated (43).	RMSE=0.0000338
Individual allele frequencies estimated (44).	RMSE=0.0000327
Individual allele frequencies estimated (45).	RMSE=0.0000316
Individual allele frequencies estimated (46).	RMSE=0.0000306
Individual allele frequencies estimated (47).	RMSE=0.0000295
Individual allele frequencies estimated (48).	RMSE=0.0000285
Individual allele frequencies estimated (49).	RMSE=0.0000274
Individual allele frequencies estimated (50).	RMSE=0.0000264
Individual allele frequencies estimated (51).	RMSE=0.0000254
Individual allele frequencies estimated (52).	RMSE=0.0000243
Individual allele frequencies estimated (53).	RMSE=0.0000234
Individual allele frequencies estimated (54).	RMSE=0.0000224
Individual allele frequencies estimated (55).	RMSE=0.0000214
Individual allele frequencies estimated (56).	RMSE=0.0000205
Individual allele frequencies estimated (57).	RMSE=0.0000196
Individual allele frequencies estimated (58).	RMSE=0.0000187
Individual allele frequencies estimated (59).	RMSE=0.0000178
Individual allele frequencies estimated (60).	RMSE=0.0000170
Individual allele frequencies estimated (61).	RMSE=0.0000162
Individual allele frequencies estimated (62).	RMSE=0.0000154
Individual allele frequencies estimated (63).	RMSE=0.0000147
Individual allele frequencies estimated (64).	RMSE=0.0000138
Individual allele frequencies estimated (65).	RMSE=0.0000132
Individual allele frequencies estimated (66).	RMSE=0.0000124
Individual allele frequencies estimated (67).	RMSE=0.0000117
Individual allele frequencies estimated (68).	RMSE=0.0000111
Individual allele frequencies estimated (69).	RMSE=0.0000105
Individual allele frequencies estimated (70).	RMSE=0.0000100
PCAngsd converged.
Saved covariance matrix as /users/k/a/kaeller/projects/eco_genomics_2025/population_genomics/myresults/ANGSD/PCA_ADMIX/RSBS_poly_K3.cov

Estimating admixture proportions using NMF (CSG-MU).
K=3, Alpha=0.0, Batches=10, Seed=0
CSG-MU (1).	RMSE=0.260920423
CSG-MU (2).	RMSE=0.091780484
CSG-MU (3).	RMSE=0.155790560
CSG-MU (4).	RMSE=0.048780753
CSG-MU (5).	RMSE=0.024868090
CSG-MU (6).	RMSE=0.009633053
CSG-MU (7).	RMSE=0.005132807
CSG-MU (8).	RMSE=0.003225891
CSG-MU (9).	RMSE=0.002253444
CSG-MU (10).	RMSE=0.001499799
CSG-MU (11).	RMSE=0.001095351
CSG-MU (12).	RMSE=0.000815985
CSG-MU (13).	RMSE=0.000608212
CSG-MU (14).	RMSE=0.000460740
CSG-MU (15).	RMSE=0.000361088
CSG-MU (16).	RMSE=0.000282468
CSG-MU (17).	RMSE=0.000222618
CSG-MU (18).	RMSE=0.000180147
CSG-MU (19).	RMSE=0.000142446
CSG-MU (20).	RMSE=0.000118785
CSG-MU (21).	RMSE=0.000094974
CSG-MU (22).	RMSE=0.000076697
CSG-MU (23).	RMSE=0.000062143
CSG-MU (24).	RMSE=0.000052422
CSG-MU (25).	RMSE=0.000043383
CSG-MU (26).	RMSE=0.000033632
CSG-MU (27).	RMSE=0.000026962
CSG-MU (28).	RMSE=0.000024250
CSG-MU (29).	RMSE=0.000019825
CSG-MU (30).	RMSE=0.000016143
CSG-MU (31).	RMSE=0.000011950
CSG-MU (32).	RMSE=0.000011428
CSG-MU (33).	RMSE=0.000010226
CSG-MU (34).	RMSE=0.000008952
Converged.
Frobenius error: 54.59310
Log-likelihood: -59635613.60252
Saved admixture proportions as /users/k/a/kaeller/projects/eco_genomics_2025/population_genomics/myresults/ANGSD/PCA_ADMIX/RSBS_poly_K3.admix.3.Q
Saved ancestral allele frequencies proportions as /users/k/a/kaeller/projects/eco_genomics_2025/population_genomics/myresults/ANGSD/PCA_ADMIX/RSBS_poly_K3.admix.3.P

Total elapsed time: 2m9s
------------------------------------
PCAngsd v1.36.1
Jonas Meisner and Anders Albrechtsen
Using 10 thread(s)
------------------------------------

Parsing Beagle file.
Loaded 971934 sites and 113 samples.
Estimating minor allele frequencies.
EM (MAF) converged at iteration: 7
Number of sites after MAF filtering (0.05): 697053

Estimating covariance matrix.
Using 3 principal components (manually selected).
Individual allele frequencies estimated (1).
Individual allele frequencies estimated (2).	RMSE=0.0060723
Individual allele frequencies estimated (3).	RMSE=0.0027871
Individual allele frequencies estimated (4).	RMSE=0.0015910
Individual allele frequencies estimated (5).	RMSE=0.0010840
Individual allele frequencies estimated (6).	RMSE=0.1086263
Individual allele frequencies estimated (7).	RMSE=0.0006687
Individual allele frequencies estimated (8).	RMSE=0.0005615
Individual allele frequencies estimated (9).	RMSE=0.0004814
Individual allele frequencies estimated (10).	RMSE=0.0004169
Individual allele frequencies estimated (11).	RMSE=0.0003643
Individual allele frequencies estimated (12).	RMSE=0.0003176
Individual allele frequencies estimated (13).	RMSE=0.0002800
Individual allele frequencies estimated (14).	RMSE=0.0002479
Individual allele frequencies estimated (15).	RMSE=0.0002216
Individual allele frequencies estimated (16).	RMSE=0.0001989
Individual allele frequencies estimated (17).	RMSE=0.0001790
Individual allele frequencies estimated (18).	RMSE=0.0001612
Individual allele frequencies estimated (19).	RMSE=0.0001477
Individual allele frequencies estimated (20).	RMSE=0.0001336
Individual allele frequencies estimated (21).	RMSE=0.0001225
Individual allele frequencies estimated (22).	RMSE=0.0001128
Individual allele frequencies estimated (23).	RMSE=0.0001045
Individual allele frequencies estimated (24).	RMSE=0.0000971
Individual allele frequencies estimated (25).	RMSE=0.0000904
Individual allele frequencies estimated (26).	RMSE=0.0000846
Individual allele frequencies estimated (27).	RMSE=0.0000796
Individual allele frequencies estimated (28).	RMSE=0.0000750
Individual allele frequencies estimated (29).	RMSE=0.0000711
Individual allele frequencies estimated (30).	RMSE=0.0000674
Individual allele frequencies estimated (31).	RMSE=0.0000643
Individual allele frequencies estimated (32).	RMSE=0.0000614
Individual allele frequencies estimated (33).	RMSE=0.0000587
Individual allele frequencies estimated (34).	RMSE=0.0000562
Individual allele frequencies estimated (35).	RMSE=0.0000540
Individual allele frequencies estimated (36).	RMSE=0.0000518
Individual allele frequencies estimated (37).	RMSE=0.0000498
Individual allele frequencies estimated (38).	RMSE=0.0000479
Individual allele frequencies estimated (39).	RMSE=0.0000462
Individual allele frequencies estimated (40).	RMSE=0.0000446
Individual allele frequencies estimated (41).	RMSE=0.0000429
Individual allele frequencies estimated (42).	RMSE=0.0000413
Individual allele frequencies estimated (43).	RMSE=0.0000399
Individual allele frequencies estimated (44).	RMSE=0.0000385
Individual allele frequencies estimated (45).	RMSE=0.0000372
Individual allele frequencies estimated (46).	RMSE=0.0000358
Individual allele frequencies estimated (47).	RMSE=0.0000345
Individual allele frequencies estimated (48).	RMSE=0.0000334
Individual allele frequencies estimated (49).	RMSE=0.0000323
Individual allele frequencies estimated (50).	RMSE=0.0000311
Individual allele frequencies estimated (51).	RMSE=0.0000300
Individual allele frequencies estimated (52).	RMSE=0.0000288
Individual allele frequencies estimated (53).	RMSE=0.0000278
Individual allele frequencies estimated (54).	RMSE=0.0000267
Individual allele frequencies estimated (55).	RMSE=0.0000257
Individual allele frequencies estimated (56).	RMSE=0.0000248
Individual allele frequencies estimated (57).	RMSE=0.0000239
Individual allele frequencies estimated (58).	RMSE=0.0000232
Individual allele frequencies estimated (59).	RMSE=0.0000222
Individual allele frequencies estimated (60).	RMSE=0.0000214
Individual allele frequencies estimated (61).	RMSE=0.0000206
Individual allele frequencies estimated (62).	RMSE=0.0000199
Individual allele frequencies estimated (63).	RMSE=0.0000194
Individual allele frequencies estimated (64).	RMSE=0.0000186
Individual allele frequencies estimated (65).	RMSE=0.0000179
Individual allele frequencies estimated (66).	RMSE=0.0000173
Individual allele frequencies estimated (67).	RMSE=0.0000167
Individual allele frequencies estimated (68).	RMSE=0.0000161
Individual allele frequencies estimated (69).	RMSE=0.0000156
Individual allele frequencies estimated (70).	RMSE=0.0000151
Individual allele frequencies estimated (71).	RMSE=0.0000145
Individual allele frequencies estimated (72).	RMSE=0.0000140
Individual allele frequencies estimated (73).	RMSE=0.0000137
Individual allele frequencies estimated (74).	RMSE=0.0000132
Individual allele frequencies estimated (75).	RMSE=0.0000127
Individual allele frequencies estimated (76).	RMSE=0.0000125
Individual allele frequencies estimated (77).	RMSE=0.0000120
Individual allele frequencies estimated (78).	RMSE=0.0000116
Individual allele frequencies estimated (79).	RMSE=0.0000113
Individual allele frequencies estimated (80).	RMSE=0.0000110
Individual allele frequencies estimated (81).	RMSE=0.0000107
Individual allele frequencies estimated (82).	RMSE=0.0000104
Individual allele frequencies estimated (83).	RMSE=0.0000101
Individual allele frequencies estimated (84).	RMSE=0.0000099
PCAngsd converged.
Saved covariance matrix as /users/k/a/kaeller/projects/eco_genomics_2025/population_genomics/myresults/ANGSD/PCA_ADMIX/RSBS_poly_K4.cov

Estimating admixture proportions using NMF (CSG-MU).
K=4, Alpha=0.0, Batches=10, Seed=0
CSG-MU (1).	RMSE=0.232065822
CSG-MU (2).	RMSE=0.120855026
CSG-MU (3).	RMSE=0.119326643
CSG-MU (4).	RMSE=0.045065033
CSG-MU (5).	RMSE=0.015113868
CSG-MU (6).	RMSE=0.006032615
CSG-MU (7).	RMSE=0.002839976
CSG-MU (8).	RMSE=0.001530558
CSG-MU (9).	RMSE=0.000916085
CSG-MU (10).	RMSE=0.000573066
CSG-MU (11).	RMSE=0.000383488
CSG-MU (12).	RMSE=0.000260491
CSG-MU (13).	RMSE=0.000179599
CSG-MU (14).	RMSE=0.000127296
CSG-MU (15).	RMSE=0.000091648
CSG-MU (16).	RMSE=0.000067444
CSG-MU (17).	RMSE=0.000050523
CSG-MU (18).	RMSE=0.000038666
CSG-MU (19).	RMSE=0.000027761
CSG-MU (20).	RMSE=0.000023201
CSG-MU (21).	RMSE=0.000018352
CSG-MU (22).	RMSE=0.000015133
CSG-MU (23).	RMSE=0.000011123
CSG-MU (24).	RMSE=0.000008370
Converged.
Frobenius error: 74.19157
Log-likelihood: -59268688.92389
Saved admixture proportions as /users/k/a/kaeller/projects/eco_genomics_2025/population_genomics/myresults/ANGSD/PCA_ADMIX/RSBS_poly_K4.admix.4.Q
Saved ancestral allele frequencies proportions as /users/k/a/kaeller/projects/eco_genomics_2025/population_genomics/myresults/ANGSD/PCA_ADMIX/RSBS_poly_K4.admix.4.P

Total elapsed time: 2m24s
------------------------------------
PCAngsd v1.36.1
Jonas Meisner and Anders Albrechtsen
Using 10 thread(s)
------------------------------------

Parsing Beagle file.
Loaded 971934 sites and 113 samples.
Estimating minor allele frequencies.
EM (MAF) converged at iteration: 7
Number of sites after MAF filtering (0.05): 697053

Estimating covariance matrix.
Using 4 principal components (manually selected).
Individual allele frequencies estimated (1).
Individual allele frequencies estimated (2).	RMSE=0.0941618
Individual allele frequencies estimated (3).	RMSE=0.0940812
Individual allele frequencies estimated (4).	RMSE=0.0940741
Individual allele frequencies estimated (5).	RMSE=0.0041412
Individual allele frequencies estimated (6).	RMSE=0.0008194
Individual allele frequencies estimated (7).	RMSE=0.0940812
Individual allele frequencies estimated (8).	RMSE=0.0021081
Individual allele frequencies estimated (9).	RMSE=0.0027870
Individual allele frequencies estimated (10).	RMSE=0.0940723
Individual allele frequencies estimated (11).	RMSE=0.0036215
Individual allele frequencies estimated (12).	RMSE=0.0038516
Individual allele frequencies estimated (13).	RMSE=0.0039388
Individual allele frequencies estimated (14).	RMSE=0.0039278
Individual allele frequencies estimated (15).	RMSE=0.0037717
Individual allele frequencies estimated (16).	RMSE=0.0034906
Individual allele frequencies estimated (17).	RMSE=0.0031663
Individual allele frequencies estimated (18).	RMSE=0.0940721
Individual allele frequencies estimated (19).	RMSE=0.0024059
Individual allele frequencies estimated (20).	RMSE=0.0020796
Individual allele frequencies estimated (21).	RMSE=0.0018074
Individual allele frequencies estimated (22).	RMSE=0.0015335
Individual allele frequencies estimated (23).	RMSE=0.0013114
Individual allele frequencies estimated (24).	RMSE=0.0011203
Individual allele frequencies estimated (25).	RMSE=0.0009679
Individual allele frequencies estimated (26).	RMSE=0.0008161
Individual allele frequencies estimated (27).	RMSE=0.0006805
Individual allele frequencies estimated (28).	RMSE=0.0005692
Individual allele frequencies estimated (29).	RMSE=0.0004901
Individual allele frequencies estimated (30).	RMSE=0.0004090
Individual allele frequencies estimated (31).	RMSE=0.0003552
Individual allele frequencies estimated (32).	RMSE=0.0002807
Individual allele frequencies estimated (33).	RMSE=0.0002316
Individual allele frequencies estimated (34).	RMSE=0.0001929
Individual allele frequencies estimated (35).	RMSE=0.0001564
Individual allele frequencies estimated (36).	RMSE=0.0001243
Individual allele frequencies estimated (37).	RMSE=0.0001008
Individual allele frequencies estimated (38).	RMSE=0.0000877
Individual allele frequencies estimated (39).	RMSE=0.0000802
Individual allele frequencies estimated (40).	RMSE=0.0000788
Individual allele frequencies estimated (41).	RMSE=0.0000831
Individual allele frequencies estimated (42).	RMSE=0.0000873
Individual allele frequencies estimated (43).	RMSE=0.0000954
Individual allele frequencies estimated (44).	RMSE=0.0001057
Individual allele frequencies estimated (45).	RMSE=0.0001100
Individual allele frequencies estimated (46).	RMSE=0.0001106
Individual allele frequencies estimated (47).	RMSE=0.0001174
Individual allele frequencies estimated (48).	RMSE=0.0001157
Individual allele frequencies estimated (49).	RMSE=0.0001151
Individual allele frequencies estimated (50).	RMSE=0.0001263
Individual allele frequencies estimated (51).	RMSE=0.0001304
Individual allele frequencies estimated (52).	RMSE=0.0001190
Individual allele frequencies estimated (53).	RMSE=0.0001401
Individual allele frequencies estimated (54).	RMSE=0.0001404
Individual allele frequencies estimated (55).	RMSE=0.0001409
Individual allele frequencies estimated (56).	RMSE=0.0001397
Individual allele frequencies estimated (57).	RMSE=0.0001411
Individual allele frequencies estimated (58).	RMSE=0.0001470
Individual allele frequencies estimated (59).	RMSE=0.0001454
Individual allele frequencies estimated (60).	RMSE=0.0001424
Individual allele frequencies estimated (61).	RMSE=0.0001466
Individual allele frequencies estimated (62).	RMSE=0.0001433
Individual allele frequencies estimated (63).	RMSE=0.0001400
Individual allele frequencies estimated (64).	RMSE=0.0001387
Individual allele frequencies estimated (65).	RMSE=0.0001354
Individual allele frequencies estimated (66).	RMSE=0.0001346
Individual allele frequencies estimated (67).	RMSE=0.0001370
Individual allele frequencies estimated (68).	RMSE=0.0001410
Individual allele frequencies estimated (69).	RMSE=0.0001358
Individual allele frequencies estimated (70).	RMSE=0.0001269
Individual allele frequencies estimated (71).	RMSE=0.0001275
Individual allele frequencies estimated (72).	RMSE=0.0001260
Individual allele frequencies estimated (73).	RMSE=0.0001251
Individual allele frequencies estimated (74).	RMSE=0.0001304
Individual allele frequencies estimated (75).	RMSE=0.0001295
Individual allele frequencies estimated (76).	RMSE=0.0001209
Individual allele frequencies estimated (77).	RMSE=0.0001197
Individual allele frequencies estimated (78).	RMSE=0.0001174
Individual allele frequencies estimated (79).	RMSE=0.0001162
Individual allele frequencies estimated (80).	RMSE=0.0001130
Individual allele frequencies estimated (81).	RMSE=0.0001161
Individual allele frequencies estimated (82).	RMSE=0.0001185
Individual allele frequencies estimated (83).	RMSE=0.0001112
Individual allele frequencies estimated (84).	RMSE=0.0001081
Individual allele frequencies estimated (85).	RMSE=0.0001055
Individual allele frequencies estimated (86).	RMSE=0.0001039
Individual allele frequencies estimated (87).	RMSE=0.0001013
Individual allele frequencies estimated (88).	RMSE=0.0000975
Individual allele frequencies estimated (89).	RMSE=0.0000978
Individual allele frequencies estimated (90).	RMSE=0.0000951
Individual allele frequencies estimated (91).	RMSE=0.0000914
Individual allele frequencies estimated (92).	RMSE=0.0000886
Individual allele frequencies estimated (93).	RMSE=0.0000847
Individual allele frequencies estimated (94).	RMSE=0.0000848
Individual allele frequencies estimated (95).	RMSE=0.0940721
Individual allele frequencies estimated (96).	RMSE=0.0000809
Individual allele frequencies estimated (97).	RMSE=0.0000844
Individual allele frequencies estimated (98).	RMSE=0.0000855
Individual allele frequencies estimated (99).	RMSE=0.0000866
Individual allele frequencies estimated (100).	RMSE=0.0000796
Individual allele frequencies estimated (101).	RMSE=0.0000779
PCAngsd did not converge!
Saved covariance matrix as /users/k/a/kaeller/projects/eco_genomics_2025/population_genomics/myresults/ANGSD/PCA_ADMIX/RSBS_poly_K5.cov

Estimating admixture proportions using NMF (CSG-MU).
K=5, Alpha=0.0, Batches=10, Seed=0
CSG-MU (1).	RMSE=0.198563026
CSG-MU (2).	RMSE=0.137690840
CSG-MU (3).	RMSE=0.056155617
CSG-MU (4).	RMSE=0.099664209
CSG-MU (5).	RMSE=0.036608933
CSG-MU (6).	RMSE=0.016164107
CSG-MU (7).	RMSE=0.007841447
CSG-MU (8).	RMSE=0.004073533
CSG-MU (9).	RMSE=0.002011391
CSG-MU (10).	RMSE=0.001117321
CSG-MU (11).	RMSE=0.000633014
CSG-MU (12).	RMSE=0.000386148
CSG-MU (13).	RMSE=0.000251641
CSG-MU (14).	RMSE=0.000167054
CSG-MU (15).	RMSE=0.000108967
CSG-MU (16).	RMSE=0.000073373
CSG-MU (17).	RMSE=0.000050364
CSG-MU (18).	RMSE=0.000035644
CSG-MU (19).	RMSE=0.000025781
CSG-MU (20).	RMSE=0.000018641
CSG-MU (21).	RMSE=0.000014120
CSG-MU (22).	RMSE=0.000011727
CSG-MU (23).	RMSE=0.000008970
Converged.
Frobenius error: 95.27842
Log-likelihood: -58914359.57818
Saved admixture proportions as /users/k/a/kaeller/projects/eco_genomics_2025/population_genomics/myresults/ANGSD/PCA_ADMIX/RSBS_poly_K5.admix.5.Q
Saved ancestral allele frequencies proportions as /users/k/a/kaeller/projects/eco_genomics_2025/population_genomics/myresults/ANGSD/PCA_ADMIX/RSBS_poly_K5.admix.5.P

Total elapsed time: 2m49s
