mkdir: cannot create directory ‘/users/k/a/kaeller/projects/eco_genomics_2025/population_genomics/myresults/ANGSD/PCA_ADMIX’: File exists
------------------------------------
PCAngsd v1.36.1
Jonas Meisner and Anders Albrechtsen
Using 10 thread(s)
------------------------------------

Parsing Beagle file.
Loaded 971934 sites and 113 samples.
Estimating minor allele frequencies.
EM (MAF) converged at iteration: 7
Number of sites after MAF filtering (0.05): 697053

Estimating covariance matrix.
Using 7 principal components (manually selected).
Individual allele frequencies estimated (1).
Individual allele frequencies estimated (2).	RMSE=0.0794038
Individual allele frequencies estimated (3).	RMSE=0.1007806
Individual allele frequencies estimated (4).	RMSE=0.0716842
Individual allele frequencies estimated (5).	RMSE=0.0088136
Individual allele frequencies estimated (6).	RMSE=0.1007147
Individual allele frequencies estimated (7).	RMSE=0.0047439
Individual allele frequencies estimated (8).	RMSE=0.0037137
Individual allele frequencies estimated (9).	RMSE=0.0028725
Individual allele frequencies estimated (10).	RMSE=0.0023152
Individual allele frequencies estimated (11).	RMSE=0.0020009
Individual allele frequencies estimated (12).	RMSE=0.0018513
Individual allele frequencies estimated (13).	RMSE=0.0711252
Individual allele frequencies estimated (14).	RMSE=0.0017545
Individual allele frequencies estimated (15).	RMSE=0.0017854
Individual allele frequencies estimated (16).	RMSE=0.0018884
Individual allele frequencies estimated (17).	RMSE=0.0020248
Individual allele frequencies estimated (18).	RMSE=0.0022004
Individual allele frequencies estimated (19).	RMSE=0.0023565
Individual allele frequencies estimated (20).	RMSE=0.0024872
Individual allele frequencies estimated (21).	RMSE=0.0025947
Individual allele frequencies estimated (22).	RMSE=0.0026254
Individual allele frequencies estimated (23).	RMSE=0.0025817
Individual allele frequencies estimated (24).	RMSE=0.0024727
Individual allele frequencies estimated (25).	RMSE=0.0711141
Individual allele frequencies estimated (26).	RMSE=0.0020975
Individual allele frequencies estimated (27).	RMSE=0.0018981
Individual allele frequencies estimated (28).	RMSE=0.0017020
Individual allele frequencies estimated (29).	RMSE=0.0015424
Individual allele frequencies estimated (30).	RMSE=0.0013674
Individual allele frequencies estimated (31).	RMSE=0.0011979
Individual allele frequencies estimated (32).	RMSE=0.0010738
Individual allele frequencies estimated (33).	RMSE=0.0009420
Individual allele frequencies estimated (34).	RMSE=0.0008232
Individual allele frequencies estimated (35).	RMSE=0.0007550
Individual allele frequencies estimated (36).	RMSE=0.0006732
Individual allele frequencies estimated (37).	RMSE=0.0005989
Individual allele frequencies estimated (38).	RMSE=0.0005460
Individual allele frequencies estimated (39).	RMSE=0.0005087
Individual allele frequencies estimated (40).	RMSE=0.0004444
Individual allele frequencies estimated (41).	RMSE=0.0004146
Individual allele frequencies estimated (42).	RMSE=0.0003753
Individual allele frequencies estimated (43).	RMSE=0.0003539
Individual allele frequencies estimated (44).	RMSE=0.0003265
Individual allele frequencies estimated (45).	RMSE=0.0003046
Individual allele frequencies estimated (46).	RMSE=0.0002878
Individual allele frequencies estimated (47).	RMSE=0.0002761
Individual allele frequencies estimated (48).	RMSE=0.0002583
Individual allele frequencies estimated (49).	RMSE=0.0002522
Individual allele frequencies estimated (50).	RMSE=0.0002486
Individual allele frequencies estimated (51).	RMSE=0.0002382
Individual allele frequencies estimated (52).	RMSE=0.0002230
Individual allele frequencies estimated (53).	RMSE=0.0002103
Individual allele frequencies estimated (54).	RMSE=0.0001986
Individual allele frequencies estimated (55).	RMSE=0.0001974
Individual allele frequencies estimated (56).	RMSE=0.0001892
Individual allele frequencies estimated (57).	RMSE=0.0001850
Individual allele frequencies estimated (58).	RMSE=0.0001771
Individual allele frequencies estimated (59).	RMSE=0.0001709
Individual allele frequencies estimated (60).	RMSE=0.0001668
Individual allele frequencies estimated (61).	RMSE=0.0001667
Individual allele frequencies estimated (62).	RMSE=0.0001645
Individual allele frequencies estimated (63).	RMSE=0.0001621
Individual allele frequencies estimated (64).	RMSE=0.0001616
Individual allele frequencies estimated (65).	RMSE=0.0001530
Individual allele frequencies estimated (66).	RMSE=0.0001423
Individual allele frequencies estimated (67).	RMSE=0.0001368
Individual allele frequencies estimated (68).	RMSE=0.0001328
Individual allele frequencies estimated (69).	RMSE=0.0001351
Individual allele frequencies estimated (70).	RMSE=0.0001337
Individual allele frequencies estimated (71).	RMSE=0.0001313
Individual allele frequencies estimated (72).	RMSE=0.0001285
Individual allele frequencies estimated (73).	RMSE=0.0001241
Individual allele frequencies estimated (74).	RMSE=0.0001218
Individual allele frequencies estimated (75).	RMSE=0.0001194
Individual allele frequencies estimated (76).	RMSE=0.0001150
Individual allele frequencies estimated (77).	RMSE=0.0001141
Individual allele frequencies estimated (78).	RMSE=0.0001093
Individual allele frequencies estimated (79).	RMSE=0.0001094
Individual allele frequencies estimated (80).	RMSE=0.0001096
Individual allele frequencies estimated (81).	RMSE=0.0001092
Individual allele frequencies estimated (82).	RMSE=0.0001079
Individual allele frequencies estimated (83).	RMSE=0.0001088
Individual allele frequencies estimated (84).	RMSE=0.0001034
Individual allele frequencies estimated (85).	RMSE=0.0001029
Individual allele frequencies estimated (86).	RMSE=0.0001041
Individual allele frequencies estimated (87).	RMSE=0.0001047
Individual allele frequencies estimated (88).	RMSE=0.0001095
Individual allele frequencies estimated (89).	RMSE=0.0001073
Individual allele frequencies estimated (90).	RMSE=0.0001032
Individual allele frequencies estimated (91).	RMSE=0.0000998
Individual allele frequencies estimated (92).	RMSE=0.0000981
Individual allele frequencies estimated (93).	RMSE=0.0000967
Individual allele frequencies estimated (94).	RMSE=0.0000979
Individual allele frequencies estimated (95).	RMSE=0.0000948
Individual allele frequencies estimated (96).	RMSE=0.0000907
Individual allele frequencies estimated (97).	RMSE=0.0000846
Individual allele frequencies estimated (98).	RMSE=0.0000821
Individual allele frequencies estimated (99).	RMSE=0.0000783
Individual allele frequencies estimated (100).	RMSE=0.0000789
Individual allele frequencies estimated (101).	RMSE=0.0000778
PCAngsd did not converge!
Saved covariance matrix as /users/k/a/kaeller/projects/eco_genomics_2025/population_genomics/myresults/ANGSD/PCA_ADMIX/RSBS_poly_K8.cov

Estimating admixture proportions using NMF (CSG-MU).
K=8, Alpha=0.0, Batches=10, Seed=0
CSG-MU (1).	RMSE=0.125567972
CSG-MU (2).	RMSE=0.144637649
CSG-MU (3).	RMSE=0.038439355
CSG-MU (4).	RMSE=0.063055454
CSG-MU (5).	RMSE=0.014308140
CSG-MU (6).	RMSE=0.005865629
CSG-MU (7).	RMSE=0.003999620
CSG-MU (8).	RMSE=0.005926652
CSG-MU (9).	RMSE=0.010942971
CSG-MU (10).	RMSE=0.017850559
CSG-MU (11).	RMSE=0.023371332
CSG-MU (12).	RMSE=0.019304424
CSG-MU (13).	RMSE=0.016613838
CSG-MU (14).	RMSE=0.011521471
CSG-MU (15).	RMSE=0.006832618
CSG-MU (16).	RMSE=0.004546616
CSG-MU (17).	RMSE=0.002568428
CSG-MU (18).	RMSE=0.001567065
CSG-MU (19).	RMSE=0.001084872
CSG-MU (20).	RMSE=0.000795382
CSG-MU (21).	RMSE=0.000543187
CSG-MU (22).	RMSE=0.000350238
CSG-MU (23).	RMSE=0.000230244
CSG-MU (24).	RMSE=0.000153195
CSG-MU (25).	RMSE=0.000106014
CSG-MU (26).	RMSE=0.000074362
CSG-MU (27).	RMSE=0.000052742
CSG-MU (28).	RMSE=0.000038289
CSG-MU (29).	RMSE=0.000029109
CSG-MU (30).	RMSE=0.000022933
CSG-MU (31).	RMSE=0.000019061
CSG-MU (32).	RMSE=0.000016183
CSG-MU (33).	RMSE=0.000013774
CSG-MU (34).	RMSE=0.000011657
CSG-MU (35).	RMSE=0.000009946
Converged.
Frobenius error: 167.17428
Log-likelihood: -57941272.63542
Saved admixture proportions as /users/k/a/kaeller/projects/eco_genomics_2025/population_genomics/myresults/ANGSD/PCA_ADMIX/RSBS_poly_K8.admix.8.Q
Saved ancestral allele frequencies proportions as /users/k/a/kaeller/projects/eco_genomics_2025/population_genomics/myresults/ANGSD/PCA_ADMIX/RSBS_poly_K8.admix.8.P

Total elapsed time: 2m35s
